<?xml version="1.0" encoding="UTF-8"?>
<testng-results skipped="0" failed="0" total="2" passed="2">
  <reporter-output>
    <line>
      <![CDATA[Hamburger button Clicked]]>
    </line>
    <line>
      <![CDATA[ShopByCategory Tapped Clicked]]>
    </line>
    <line>
      <![CDATA[Kindle E-Readers element is verification done]]>
    </line>
  </reporter-output>
  <suite name="Suite" duration-ms="50561" started-at="2019-09-20T15:47:39Z" finished-at="2019-09-20T15:48:29Z">
    <groups>
    </groups>
    <test name="Test2" duration-ms="50561" started-at="2019-09-20T15:47:39Z" finished-at="2019-09-20T15:48:29Z">
      <class name="com.qa.amazon.tests.VerifyKindleTest">
        <test-method status="PASS" signature="setup(java.lang.String, java.lang.String, java.lang.String, java.lang.String, java.lang.String)[pri:0, instance:com.qa.amazon.tests.VerifyKindleTest@51565ec2]" name="setup" is-config="true" duration-ms="21824" started-at="2019-09-20T21:17:39Z" finished-at="2019-09-20T21:18:01Z">
          <params>
            <param index="0">
              <value>
                <![CDATA[emulator-5554]]>
              </value>
            </param>
            <param index="1">
              <value>
                <![CDATA[emulator-5554]]>
              </value>
            </param>
            <param index="2">
              <value>
                <![CDATA[9]]>
              </value>
            </param>
            <param index="3">
              <value>
                <![CDATA[127.0.0.1]]>
              </value>
            </param>
            <param index="4">
              <value>
                <![CDATA[4727]]>
              </value>
            </param>
          </params>
          <reporter-output>
          </reporter-output>
        </test-method> <!-- setup -->
        <test-method status="PASS" signature="shopByCategoryclickTest()[pri:0, instance:com.qa.amazon.tests.VerifyKindleTest@51565ec2]" name="shopByCategoryclickTest" duration-ms="9453" started-at="2019-09-20T21:18:01Z" finished-at="2019-09-20T21:18:10Z">
          <reporter-output>
            <line>
              <![CDATA[Hamburger button Clicked]]>
            </line>
          </reporter-output>
        </test-method> <!-- shopByCategoryclickTest -->
        <test-method status="PASS" signature="verifyKindleTest()[pri:0, instance:com.qa.amazon.tests.VerifyKindleTest@51565ec2]" name="verifyKindleTest" duration-ms="16517" started-at="2019-09-20T21:18:10Z" finished-at="2019-09-20T21:18:27Z">
          <reporter-output>
            <line>
              <![CDATA[ShopByCategory Tapped Clicked]]>
            </line>
            <line>
              <![CDATA[Kindle E-Readers element is verification done]]>
            </line>
          </reporter-output>
        </test-method> <!-- verifyKindleTest -->
        <test-method status="PASS" signature="tearDown()[pri:0, instance:com.qa.amazon.tests.VerifyKindleTest@51565ec2]" name="tearDown" is-config="true" duration-ms="2747" started-at="2019-09-20T21:18:27Z" finished-at="2019-09-20T21:18:29Z">
          <reporter-output>
          </reporter-output>
        </test-method> <!-- tearDown -->
      </class> <!-- com.qa.amazon.tests.VerifyKindleTest -->
    </test> <!-- Test2 -->
  </suite> <!-- Suite -->
</testng-results>
